{"C:\\Users\\desat\\Desktop\\Veroniksa\\Studio\\Vue 26.06.2021\\Lezione 3°\\homeProject\\personal_cost\\.eslintrc.js": {"path":"C:\\Users\\desat\\Desktop\\Veroniksa\\Studio\\Vue 26.06.2021\\Lezione 3°\\homeProject\\personal_cost\\.eslintrc.js","statementMap":{"0":{"start":{"line":1,"column":0},"end":{"line":17,"column":1}}},"fnMap":{},"branchMap":{"0":{"loc":{"start":{"line":14,"column":18},"end":{"line":14,"column":72}},"type":"cond-expr","locations":[{"start":{"line":14,"column":58},"end":{"line":14,"column":64}},{"start":{"line":14,"column":67},"end":{"line":14,"column":72}}],"line":14},"1":{"loc":{"start":{"line":15,"column":19},"end":{"line":15,"column":73}},"type":"cond-expr","locations":[{"start":{"line":15,"column":59},"end":{"line":15,"column":65}},{"start":{"line":15,"column":68},"end":{"line":15,"column":73}}],"line":15}},"s":{"0":0},"f":{},"b":{"0":[0,0],"1":[0,0]}}
,"C:\\Users\\desat\\Desktop\\Veroniksa\\Studio\\Vue 26.06.2021\\Lezione 3°\\homeProject\\personal_cost\\babel.config.js": {"path":"C:\\Users\\desat\\Desktop\\Veroniksa\\Studio\\Vue 26.06.2021\\Lezione 3°\\homeProject\\personal_cost\\babel.config.js","statementMap":{"0":{"start":{"line":1,"column":0},"end":{"line":5,"column":1}}},"fnMap":{},"branchMap":{},"s":{"0":0},"f":{},"b":{}}
,"C:\\Users\\desat\\Desktop\\Veroniksa\\Studio\\Vue 26.06.2021\\Lezione 3°\\homeProject\\personal_cost\\src\\App.vue": {"path":"C:\\Users\\desat\\Desktop\\Veroniksa\\Studio\\Vue 26.06.2021\\Lezione 3°\\homeProject\\personal_cost\\src\\App.vue","statementMap":{"0":{"start":{"line":62,"column":0},"end":{"line":62,"column":null}},"1":{"start":{"line":64,"column":0},"end":{"line":64,"column":null}},"2":{"start":{"line":72,"column":0},"end":{"line":72,"column":null}},"3":{"start":{"line":73,"column":0},"end":{"line":73,"column":null}},"4":{"start":{"line":84,"column":0},"end":{"line":84,"column":null}},"5":{"start":{"line":91,"column":0},"end":{"line":91,"column":null}},"6":{"start":{"line":115,"column":0},"end":{"line":115,"column":null}},"7":{"start":{"line":118,"column":0},"end":{"line":118,"column":null}},"8":{"start":{"line":121,"column":0},"end":{"line":121,"column":null}},"9":{"start":{"line":127,"column":0},"end":{"line":127,"column":null}},"10":{"start":{"line":130,"column":0},"end":{"line":130,"column":null}},"11":{"start":{"line":133,"column":0},"end":{"line":133,"column":null}},"12":{"start":{"line":136,"column":0},"end":{"line":136,"column":null}},"13":{"start":{"line":140,"column":0},"end":{"line":140,"column":null}},"14":{"start":{"line":143,"column":0},"end":{"line":143,"column":null}},"15":{"start":{"line":146,"column":0},"end":{"line":146,"column":null}},"16":{"start":{"line":155,"column":0},"end":{"line":155,"column":null}},"17":{"start":{"line":156,"column":0},"end":{"line":156,"column":null}},"18":{"start":{"line":159,"column":0},"end":{"line":159,"column":null}},"19":{"start":{"line":169,"column":0},"end":{"line":169,"column":null}},"20":{"start":{"line":170,"column":0},"end":{"line":172,"column":null}},"21":{"start":{"line":171,"column":0},"end":{"line":171,"column":null}},"22":{"start":{"line":175,"column":0},"end":{"line":175,"column":null}},"23":{"start":{"line":176,"column":0},"end":{"line":176,"column":null}},"24":{"start":{"line":177,"column":0},"end":{"line":177,"column":null}},"25":{"start":{"line":178,"column":0},"end":{"line":178,"column":null}},"26":{"start":{"line":179,"column":0},"end":{"line":179,"column":null}},"27":{"start":{"line":180,"column":0},"end":{"line":180,"column":null}},"28":{"start":{"line":183,"column":0},"end":{"line":183,"column":null}},"29":{"start":{"line":184,"column":0},"end":{"line":184,"column":null}},"30":{"start":{"line":185,"column":0},"end":{"line":185,"column":null}},"31":{"start":{"line":186,"column":0},"end":{"line":186,"column":null}}},"fnMap":{"0":{"name":"(anonymous_1)","decl":{"start":{"line":84,"column":0},"end":{"line":84,"column":null}},"loc":{"start":{"line":84,"column":0},"end":{"line":84,"column":null}}},"1":{"name":"(anonymous_3)","decl":{"start":{"line":90,"column":0},"end":{"line":90,"column":null}},"loc":{"start":{"line":90,"column":0},"end":{"line":103,"column":null}}},"2":{"name":"(anonymous_4)","decl":{"start":{"line":111,"column":0},"end":{"line":111,"column":null}},"loc":{"start":{"line":111,"column":0},"end":{"line":116,"column":null}}},"3":{"name":"(anonymous_5)","decl":{"start":{"line":117,"column":0},"end":{"line":117,"column":null}},"loc":{"start":{"line":117,"column":0},"end":{"line":119,"column":null}}},"4":{"name":"(anonymous_6)","decl":{"start":{"line":120,"column":0},"end":{"line":120,"column":null}},"loc":{"start":{"line":120,"column":0},"end":{"line":122,"column":null}}},"5":{"name":"(anonymous_7)","decl":{"start":{"line":126,"column":0},"end":{"line":126,"column":null}},"loc":{"start":{"line":126,"column":0},"end":{"line":128,"column":null}}},"6":{"name":"(anonymous_8)","decl":{"start":{"line":129,"column":0},"end":{"line":129,"column":null}},"loc":{"start":{"line":129,"column":0},"end":{"line":131,"column":null}}},"7":{"name":"(anonymous_9)","decl":{"start":{"line":132,"column":0},"end":{"line":132,"column":null}},"loc":{"start":{"line":132,"column":0},"end":{"line":134,"column":null}}},"8":{"name":"(anonymous_10)","decl":{"start":{"line":135,"column":0},"end":{"line":135,"column":null}},"loc":{"start":{"line":135,"column":0},"end":{"line":138,"column":null}}},"9":{"name":"(anonymous_11)","decl":{"start":{"line":139,"column":0},"end":{"line":139,"column":null}},"loc":{"start":{"line":139,"column":0},"end":{"line":141,"column":null}}},"10":{"name":"(anonymous_12)","decl":{"start":{"line":142,"column":0},"end":{"line":142,"column":null}},"loc":{"start":{"line":142,"column":0},"end":{"line":144,"column":null}}},"11":{"name":"(anonymous_13)","decl":{"start":{"line":145,"column":0},"end":{"line":145,"column":null}},"loc":{"start":{"line":145,"column":0},"end":{"line":147,"column":null}}},"12":{"name":"(anonymous_14)","decl":{"start":{"line":154,"column":0},"end":{"line":154,"column":null}},"loc":{"start":{"line":154,"column":0},"end":{"line":157,"column":null}}},"13":{"name":"(anonymous_15)","decl":{"start":{"line":158,"column":0},"end":{"line":158,"column":null}},"loc":{"start":{"line":158,"column":0},"end":{"line":160,"column":null}}},"14":{"name":"(anonymous_16)","decl":{"start":{"line":165,"column":0},"end":{"line":165,"column":null}},"loc":{"start":{"line":165,"column":0},"end":{"line":173,"column":null}}},"15":{"name":"(anonymous_17)","decl":{"start":{"line":174,"column":0},"end":{"line":174,"column":null}},"loc":{"start":{"line":174,"column":0},"end":{"line":181,"column":null}}},"16":{"name":"(anonymous_18)","decl":{"start":{"line":182,"column":0},"end":{"line":182,"column":null}},"loc":{"start":{"line":182,"column":0},"end":{"line":187,"column":null}}}},"branchMap":{"0":{"loc":{"start":{"line":170,"column":0},"end":{"line":172,"column":null}},"type":"if","locations":[{"start":{"line":170,"column":0},"end":{"line":172,"column":null}},{"start":{"line":170,"column":0},"end":{"line":172,"column":null}}]},"1":{"loc":{"start":{"line":175,"column":0},"end":{"line":175,"column":null}},"type":"binary-expr","locations":[{"start":{"line":175,"column":0},"end":{"line":175,"column":null}},{"start":{"line":175,"column":0},"end":{"line":175,"column":null}}]}},"s":{"0":0,"1":0,"2":0,"3":0,"4":0,"5":0,"6":0,"7":0,"8":0,"9":0,"10":0,"11":0,"12":0,"13":0,"14":0,"15":0,"16":0,"17":0,"18":0,"19":0,"20":0,"21":0,"22":0,"23":0,"24":0,"25":0,"26":0,"27":0,"28":0,"29":0,"30":0,"31":0},"f":{"0":0,"1":0,"2":0,"3":0,"4":0,"5":0,"6":0,"7":0,"8":0,"9":0,"10":0,"11":0,"12":0,"13":0,"14":0,"15":0,"16":0},"b":{"0":[0,0],"1":[0,0]}}
,"C:\\Users\\desat\\Desktop\\Veroniksa\\Studio\\Vue 26.06.2021\\Lezione 3°\\homeProject\\personal_cost\\src\\main.js": {"path":"C:\\Users\\desat\\Desktop\\Veroniksa\\Studio\\Vue 26.06.2021\\Lezione 3°\\homeProject\\personal_cost\\src\\main.js","statementMap":{"0":{"start":{"line":9,"column":0},"end":{"line":9,"column":33}},"1":{"start":{"line":10,"column":0},"end":{"line":10,"column":15}},"2":{"start":{"line":11,"column":0},"end":{"line":11,"column":16}},"3":{"start":{"line":13,"column":0},"end":{"line":17,"column":18}},"4":{"start":{"line":14,"column":15},"end":{"line":14,"column":21}}},"fnMap":{"0":{"name":"(anonymous_0)","decl":{"start":{"line":14,"column":10},"end":{"line":14,"column":11}},"loc":{"start":{"line":14,"column":15},"end":{"line":14,"column":21}},"line":14}},"branchMap":{},"s":{"0":0,"1":0,"2":0,"3":0,"4":0},"f":{"0":0},"b":{}}
,"C:\\Users\\desat\\Desktop\\Veroniksa\\Studio\\Vue 26.06.2021\\Lezione 3°\\homeProject\\personal_cost\\src\\components\\AddPayment.vue": {"path":"C:\\Users\\desat\\Desktop\\Veroniksa\\Studio\\Vue 26.06.2021\\Lezione 3°\\homeProject\\personal_cost\\src\\components\\AddPayment.vue","statementMap":{"0":{"start":{"line":28,"column":0},"end":{"line":28,"column":null}},"1":{"start":{"line":33,"column":0},"end":{"line":33,"column":null}},"2":{"start":{"line":51,"column":0},"end":{"line":51,"column":null}},"3":{"start":{"line":56,"column":0},"end":{"line":56,"column":null}},"4":{"start":{"line":60,"column":0},"end":{"line":60,"column":null}},"5":{"start":{"line":61,"column":0},"end":{"line":61,"column":null}},"6":{"start":{"line":68,"column":0},"end":{"line":68,"column":null}},"7":{"start":{"line":69,"column":0},"end":{"line":69,"column":null}},"8":{"start":{"line":72,"column":0},"end":{"line":72,"column":null}},"9":{"start":{"line":76,"column":0},"end":{"line":76,"column":null}},"10":{"start":{"line":77,"column":0},"end":{"line":77,"column":null}},"11":{"start":{"line":78,"column":0},"end":{"line":83,"column":null}},"12":{"start":{"line":79,"column":0},"end":{"line":79,"column":null}},"13":{"start":{"line":80,"column":0},"end":{"line":82,"column":null}},"14":{"start":{"line":81,"column":0},"end":{"line":81,"column":null}},"15":{"start":{"line":88,"column":0},"end":{"line":88,"column":null}},"16":{"start":{"line":89,"column":0},"end":{"line":89,"column":null}},"17":{"start":{"line":90,"column":0},"end":{"line":90,"column":null}},"18":{"start":{"line":91,"column":0},"end":{"line":91,"column":null}},"19":{"start":{"line":92,"column":0},"end":{"line":92,"column":null}},"20":{"start":{"line":96,"column":0},"end":{"line":96,"column":null}},"21":{"start":{"line":99,"column":0},"end":{"line":99,"column":null}},"22":{"start":{"line":102,"column":0},"end":{"line":106,"column":null}},"23":{"start":{"line":103,"column":0},"end":{"line":103,"column":null}},"24":{"start":{"line":104,"column":0},"end":{"line":106,"column":null}},"25":{"start":{"line":105,"column":0},"end":{"line":105,"column":null}},"26":{"start":{"line":106,"column":0},"end":{"line":106,"column":null}},"27":{"start":{"line":109,"column":0},"end":{"line":113,"column":null}},"28":{"start":{"line":110,"column":0},"end":{"line":110,"column":null}},"29":{"start":{"line":111,"column":0},"end":{"line":113,"column":null}},"30":{"start":{"line":112,"column":0},"end":{"line":112,"column":null}},"31":{"start":{"line":113,"column":0},"end":{"line":113,"column":null}},"32":{"start":{"line":123,"column":0},"end":{"line":125,"column":null}},"33":{"start":{"line":124,"column":0},"end":{"line":124,"column":null}},"34":{"start":{"line":126,"column":0},"end":{"line":126,"column":null}},"35":{"start":{"line":127,"column":0},"end":{"line":127,"column":null}}},"fnMap":{"0":{"name":"(anonymous_1)","decl":{"start":{"line":32,"column":0},"end":{"line":32,"column":null}},"loc":{"start":{"line":32,"column":0},"end":{"line":40,"column":null}}},"1":{"name":"(anonymous_2)","decl":{"start":{"line":50,"column":0},"end":{"line":50,"column":null}},"loc":{"start":{"line":50,"column":0},"end":{"line":54,"column":null}}},"2":{"name":"(anonymous_3)","decl":{"start":{"line":55,"column":0},"end":{"line":55,"column":null}},"loc":{"start":{"line":55,"column":0},"end":{"line":57,"column":null}}},"3":{"name":"(anonymous_4)","decl":{"start":{"line":59,"column":0},"end":{"line":59,"column":null}},"loc":{"start":{"line":59,"column":0},"end":{"line":73,"column":null}}},"4":{"name":"(anonymous_5)","decl":{"start":{"line":75,"column":0},"end":{"line":75,"column":null}},"loc":{"start":{"line":75,"column":0},"end":{"line":84,"column":null}}},"5":{"name":"(anonymous_6)","decl":{"start":{"line":87,"column":0},"end":{"line":87,"column":null}},"loc":{"start":{"line":87,"column":0},"end":{"line":93,"column":null}}},"6":{"name":"(anonymous_7)","decl":{"start":{"line":95,"column":0},"end":{"line":95,"column":null}},"loc":{"start":{"line":95,"column":0},"end":{"line":97,"column":null}}},"7":{"name":"(anonymous_8)","decl":{"start":{"line":98,"column":0},"end":{"line":98,"column":null}},"loc":{"start":{"line":98,"column":0},"end":{"line":100,"column":null}}},"8":{"name":"(anonymous_9)","decl":{"start":{"line":101,"column":0},"end":{"line":101,"column":null}},"loc":{"start":{"line":101,"column":0},"end":{"line":107,"column":null}}},"9":{"name":"(anonymous_10)","decl":{"start":{"line":108,"column":0},"end":{"line":108,"column":null}},"loc":{"start":{"line":108,"column":0},"end":{"line":114,"column":null}}},"10":{"name":"(anonymous_11)","decl":{"start":{"line":116,"column":0},"end":{"line":116,"column":null}},"loc":{"start":{"line":116,"column":0},"end":{"line":128,"column":null}}}},"branchMap":{"0":{"loc":{"start":{"line":62,"column":0},"end":{"line":62,"column":null}},"type":"binary-expr","locations":[{"start":{"line":62,"column":0},"end":{"line":62,"column":null}},{"start":{"line":62,"column":0},"end":{"line":62,"column":null}}]},"1":{"loc":{"start":{"line":78,"column":0},"end":{"line":83,"column":null}},"type":"if","locations":[{"start":{"line":78,"column":0},"end":{"line":83,"column":null}},{"start":{"line":78,"column":0},"end":{"line":83,"column":null}}]},"2":{"loc":{"start":{"line":80,"column":0},"end":{"line":82,"column":null}},"type":"if","locations":[{"start":{"line":80,"column":0},"end":{"line":82,"column":null}},{"start":{"line":80,"column":0},"end":{"line":82,"column":null}}]},"3":{"loc":{"start":{"line":96,"column":0},"end":{"line":96,"column":null}},"type":"binary-expr","locations":[{"start":{"line":96,"column":0},"end":{"line":96,"column":null}},{"start":{"line":96,"column":0},"end":{"line":96,"column":null}}]},"4":{"loc":{"start":{"line":99,"column":0},"end":{"line":99,"column":null}},"type":"binary-expr","locations":[{"start":{"line":99,"column":0},"end":{"line":99,"column":null}},{"start":{"line":99,"column":0},"end":{"line":99,"column":null}}]},"5":{"loc":{"start":{"line":102,"column":0},"end":{"line":106,"column":null}},"type":"if","locations":[{"start":{"line":102,"column":0},"end":{"line":106,"column":null}},{"start":{"line":102,"column":0},"end":{"line":106,"column":null}}]},"6":{"loc":{"start":{"line":104,"column":0},"end":{"line":106,"column":null}},"type":"if","locations":[{"start":{"line":104,"column":0},"end":{"line":106,"column":null}},{"start":{"line":104,"column":0},"end":{"line":106,"column":null}}]},"7":{"loc":{"start":{"line":109,"column":0},"end":{"line":113,"column":null}},"type":"if","locations":[{"start":{"line":109,"column":0},"end":{"line":113,"column":null}},{"start":{"line":109,"column":0},"end":{"line":113,"column":null}}]},"8":{"loc":{"start":{"line":111,"column":0},"end":{"line":113,"column":null}},"type":"if","locations":[{"start":{"line":111,"column":0},"end":{"line":113,"column":null}},{"start":{"line":111,"column":0},"end":{"line":113,"column":null}}]},"9":{"loc":{"start":{"line":123,"column":0},"end":{"line":125,"column":null}},"type":"if","locations":[{"start":{"line":123,"column":0},"end":{"line":125,"column":null}},{"start":{"line":123,"column":0},"end":{"line":125,"column":null}}]},"10":{"loc":{"start":{"line":123,"column":0},"end":{"line":123,"column":null}},"type":"binary-expr","locations":[{"start":{"line":123,"column":0},"end":{"line":123,"column":null}},{"start":{"line":123,"column":0},"end":{"line":123,"column":null}}]}},"s":{"0":1,"1":3,"2":0,"3":0,"4":0,"5":0,"6":0,"7":0,"8":0,"9":0,"10":0,"11":0,"12":0,"13":0,"14":0,"15":0,"16":0,"17":0,"18":0,"19":0,"20":3,"21":0,"22":0,"23":0,"24":0,"25":0,"26":0,"27":0,"28":0,"29":0,"30":0,"31":0,"32":3,"33":0,"34":0,"35":0},"f":{"0":3,"1":0,"2":0,"3":0,"4":0,"5":0,"6":3,"7":0,"8":0,"9":0,"10":3},"b":{"0":[0,0],"1":[0,0],"2":[0,0],"3":[3,0],"4":[0,0],"5":[0,0],"6":[0,0],"7":[0,0],"8":[0,0],"9":[0,0],"10":[3,0]}}
,"C:\\Users\\desat\\Desktop\\Veroniksa\\Studio\\Vue 26.06.2021\\Lezione 3°\\homeProject\\personal_cost\\src\\components\\CategorySelect.vue": {"path":"C:\\Users\\desat\\Desktop\\Veroniksa\\Studio\\Vue 26.06.2021\\Lezione 3°\\homeProject\\personal_cost\\src\\components\\CategorySelect.vue","statementMap":{"0":{"start":{"line":17,"column":0},"end":{"line":17,"column":null}},"1":{"start":{"line":21,"column":0},"end":{"line":21,"column":null}}},"fnMap":{"0":{"name":"(anonymous_1)","decl":{"start":{"line":17,"column":0},"end":{"line":17,"column":null}},"loc":{"start":{"line":17,"column":0},"end":{"line":17,"column":null}}},"1":{"name":"(anonymous_2)","decl":{"start":{"line":20,"column":0},"end":{"line":20,"column":null}},"loc":{"start":{"line":20,"column":0},"end":{"line":24,"column":null}}}},"branchMap":{},"s":{"0":0,"1":0},"f":{"0":0,"1":0},"b":{}}
,"C:\\Users\\desat\\Desktop\\Veroniksa\\Studio\\Vue 26.06.2021\\Lezione 3°\\homeProject\\personal_cost\\src\\components\\ModalContextMenu.vue": {"path":"C:\\Users\\desat\\Desktop\\Veroniksa\\Studio\\Vue 26.06.2021\\Lezione 3°\\homeProject\\personal_cost\\src\\components\\ModalContextMenu.vue","statementMap":{"0":{"start":{"line":24,"column":0},"end":{"line":24,"column":null}},"1":{"start":{"line":31,"column":0},"end":{"line":31,"column":null}}},"fnMap":{"0":{"name":"(anonymous_1)","decl":{"start":{"line":23,"column":0},"end":{"line":23,"column":null}},"loc":{"start":{"line":23,"column":0},"end":{"line":28,"column":null}}},"1":{"name":"(anonymous_2)","decl":{"start":{"line":30,"column":0},"end":{"line":30,"column":null}},"loc":{"start":{"line":30,"column":0},"end":{"line":32,"column":null}}}},"branchMap":{},"s":{"0":0,"1":0},"f":{"0":0,"1":0},"b":{}}
,"C:\\Users\\desat\\Desktop\\Veroniksa\\Studio\\Vue 26.06.2021\\Lezione 3°\\homeProject\\personal_cost\\src\\components\\ModalWindow.vue": {"path":"C:\\Users\\desat\\Desktop\\Veroniksa\\Studio\\Vue 26.06.2021\\Lezione 3°\\homeProject\\personal_cost\\src\\components\\ModalWindow.vue","statementMap":{"0":{"start":{"line":14,"column":0},"end":{"line":14,"column":null}},"1":{"start":{"line":22,"column":0},"end":{"line":22,"column":null}}},"fnMap":{"0":{"name":"(anonymous_1)","decl":{"start":{"line":21,"column":0},"end":{"line":21,"column":null}},"loc":{"start":{"line":21,"column":0},"end":{"line":25,"column":null}}}},"branchMap":{},"s":{"0":0,"1":0},"f":{"0":0},"b":{}}
,"C:\\Users\\desat\\Desktop\\Veroniksa\\Studio\\Vue 26.06.2021\\Lezione 3°\\homeProject\\personal_cost\\src\\components\\Pagination.vue": {"path":"C:\\Users\\desat\\Desktop\\Veroniksa\\Studio\\Vue 26.06.2021\\Lezione 3°\\homeProject\\personal_cost\\src\\components\\Pagination.vue","statementMap":{"0":{"start":{"line":25,"column":0},"end":{"line":25,"column":null}},"1":{"start":{"line":30,"column":0},"end":{"line":32,"column":null}},"2":{"start":{"line":31,"column":0},"end":{"line":31,"column":null}},"3":{"start":{"line":33,"column":0},"end":{"line":33,"column":null}}},"fnMap":{"0":{"name":"(anonymous_1)","decl":{"start":{"line":24,"column":0},"end":{"line":24,"column":null}},"loc":{"start":{"line":24,"column":0},"end":{"line":26,"column":null}}},"1":{"name":"(anonymous_2)","decl":{"start":{"line":29,"column":0},"end":{"line":29,"column":null}},"loc":{"start":{"line":29,"column":0},"end":{"line":34,"column":null}}}},"branchMap":{"0":{"loc":{"start":{"line":30,"column":0},"end":{"line":32,"column":null}},"type":"if","locations":[{"start":{"line":30,"column":0},"end":{"line":32,"column":null}},{"start":{"line":30,"column":0},"end":{"line":32,"column":null}}]},"1":{"loc":{"start":{"line":30,"column":0},"end":{"line":30,"column":null}},"type":"binary-expr","locations":[{"start":{"line":30,"column":0},"end":{"line":30,"column":null}},{"start":{"line":30,"column":0},"end":{"line":30,"column":null}},{"start":{"line":30,"column":0},"end":{"line":30,"column":null}}]}},"s":{"0":0,"1":0,"2":0,"3":0},"f":{"0":0,"1":0},"b":{"0":[0,0],"1":[0,0,0]}}
,"C:\\Users\\desat\\Desktop\\Veroniksa\\Studio\\Vue 26.06.2021\\Lezione 3°\\homeProject\\personal_cost\\src\\components\\PaymentsDisplay.vue": {"path":"C:\\Users\\desat\\Desktop\\Veroniksa\\Studio\\Vue 26.06.2021\\Lezione 3°\\homeProject\\personal_cost\\src\\components\\PaymentsDisplay.vue","statementMap":{"0":{"start":{"line":27,"column":0},"end":{"line":27,"column":null}},"1":{"start":{"line":31,"column":0},"end":{"line":31,"column":null}},"2":{"start":{"line":40,"column":0},"end":{"line":40,"column":null}},"3":{"start":{"line":43,"column":0},"end":{"line":43,"column":null}},"4":{"start":{"line":44,"column":0},"end":{"line":44,"column":null}},"5":{"start":{"line":46,"column":0},"end":{"line":46,"column":null}}},"fnMap":{"0":{"name":"(anonymous_1)","decl":{"start":{"line":27,"column":0},"end":{"line":27,"column":null}},"loc":{"start":{"line":27,"column":0},"end":{"line":27,"column":null}}},"1":{"name":"(anonymous_2)","decl":{"start":{"line":30,"column":0},"end":{"line":30,"column":null}},"loc":{"start":{"line":30,"column":0},"end":{"line":37,"column":null}}},"2":{"name":"(anonymous_3)","decl":{"start":{"line":39,"column":0},"end":{"line":39,"column":null}},"loc":{"start":{"line":39,"column":0},"end":{"line":41,"column":null}}},"3":{"name":"(anonymous_4)","decl":{"start":{"line":42,"column":0},"end":{"line":42,"column":null}},"loc":{"start":{"line":42,"column":0},"end":{"line":86,"column":null}}}},"branchMap":{},"s":{"0":0,"1":0,"2":0,"3":0,"4":0,"5":0},"f":{"0":0,"1":0,"2":0,"3":0},"b":{}}
,"C:\\Users\\desat\\Desktop\\Veroniksa\\Studio\\Vue 26.06.2021\\Lezione 3°\\homeProject\\personal_cost\\src\\plugins\\modalWindow\\index.js": {"path":"C:\\Users\\desat\\Desktop\\Veroniksa\\Studio\\Vue 26.06.2021\\Lezione 3°\\homeProject\\personal_cost\\src\\plugins\\modalWindow\\index.js","statementMap":{"0":{"start":{"line":3,"column":8},"end":{"line":5,"column":9}},"1":{"start":{"line":4,"column":12},"end":{"line":4,"column":18}},"2":{"start":{"line":6,"column":8},"end":{"line":6,"column":29}},"3":{"start":{"line":8,"column":8},"end":{"line":17,"column":10}},"4":{"start":{"line":12,"column":16},"end":{"line":12,"column":66}},"5":{"start":{"line":15,"column":16},"end":{"line":15,"column":44}}},"fnMap":{"0":{"name":"(anonymous_0)","decl":{"start":{"line":2,"column":4},"end":{"line":2,"column":5}},"loc":{"start":{"line":2,"column":16},"end":{"line":18,"column":5}},"line":2},"1":{"name":"(anonymous_1)","decl":{"start":{"line":11,"column":12},"end":{"line":11,"column":13}},"loc":{"start":{"line":11,"column":32},"end":{"line":13,"column":13}},"line":11},"2":{"name":"(anonymous_2)","decl":{"start":{"line":14,"column":12},"end":{"line":14,"column":13}},"loc":{"start":{"line":14,"column":18},"end":{"line":16,"column":13}},"line":14}},"branchMap":{"0":{"loc":{"start":{"line":3,"column":8},"end":{"line":5,"column":9}},"type":"if","locations":[{"start":{"line":3,"column":8},"end":{"line":5,"column":9}},{"start":{"line":3,"column":8},"end":{"line":5,"column":9}}],"line":3}},"s":{"0":0,"1":0,"2":0,"3":0,"4":0,"5":0},"f":{"0":0,"1":0,"2":0},"b":{"0":[0,0]}}
,"C:\\Users\\desat\\Desktop\\Veroniksa\\Studio\\Vue 26.06.2021\\Lezione 3°\\homeProject\\personal_cost\\src\\plugins\\modalWindow\\insed.js": {"path":"C:\\Users\\desat\\Desktop\\Veroniksa\\Studio\\Vue 26.06.2021\\Lezione 3°\\homeProject\\personal_cost\\src\\plugins\\modalWindow\\insed.js","statementMap":{"0":{"start":{"line":3,"column":4},"end":{"line":5,"column":5}},"1":{"start":{"line":4,"column":6},"end":{"line":4,"column":13}},"2":{"start":{"line":6,"column":4},"end":{"line":6,"column":26}},"3":{"start":{"line":8,"column":4},"end":{"line":21,"column":5}},"4":{"start":{"line":12,"column":8},"end":{"line":15,"column":11}},"5":{"start":{"line":19,"column":8},"end":{"line":19,"column":41}}},"fnMap":{"0":{"name":"(anonymous_0)","decl":{"start":{"line":2,"column":2},"end":{"line":2,"column":3}},"loc":{"start":{"line":2,"column":15},"end":{"line":22,"column":3}},"line":2},"1":{"name":"(anonymous_1)","decl":{"start":{"line":11,"column":6},"end":{"line":11,"column":7}},"loc":{"start":{"line":11,"column":31},"end":{"line":16,"column":7}},"line":11},"2":{"name":"(anonymous_2)","decl":{"start":{"line":18,"column":6},"end":{"line":18,"column":7}},"loc":{"start":{"line":18,"column":18},"end":{"line":20,"column":7}},"line":18}},"branchMap":{"0":{"loc":{"start":{"line":3,"column":4},"end":{"line":5,"column":5}},"type":"if","locations":[{"start":{"line":3,"column":4},"end":{"line":5,"column":5}},{"start":{"line":3,"column":4},"end":{"line":5,"column":5}}],"line":3}},"s":{"0":0,"1":0,"2":0,"3":0,"4":0,"5":0},"f":{"0":0,"1":0,"2":0},"b":{"0":[0,0]}}
,"C:\\Users\\desat\\Desktop\\Veroniksa\\Studio\\Vue 26.06.2021\\Lezione 3°\\homeProject\\personal_cost\\src\\router\\index.js": {"path":"C:\\Users\\desat\\Desktop\\Veroniksa\\Studio\\Vue 26.06.2021\\Lezione 3°\\homeProject\\personal_cost\\src\\router\\index.js","statementMap":{"0":{"start":{"line":9,"column":0},"end":{"line":9,"column":16}},"1":{"start":{"line":11,"column":15},"end":{"line":51,"column":2}},"2":{"start":{"line":16,"column":27},"end":{"line":16,"column":93}},"3":{"start":{"line":21,"column":27},"end":{"line":21,"column":93}},"4":{"start":{"line":27,"column":27},"end":{"line":27,"column":100}},"5":{"start":{"line":32,"column":27},"end":{"line":32,"column":85}},"6":{"start":{"line":37,"column":27},"end":{"line":37,"column":88}},"7":{"start":{"line":47,"column":27},"end":{"line":47,"column":92}},"8":{"start":{"line":53,"column":17},"end":{"line":53,"column":21}},"9":{"start":{"line":54,"column":0},"end":{"line":61,"column":3}},"10":{"start":{"line":55,"column":4},"end":{"line":59,"column":5}},"11":{"start":{"line":56,"column":8},"end":{"line":56,"column":34}},"12":{"start":{"line":58,"column":8},"end":{"line":58,"column":15}},"13":{"start":{"line":60,"column":4},"end":{"line":60,"column":32}},"14":{"start":{"line":63,"column":17},"end":{"line":69,"column":5}},"15":{"start":{"line":64,"column":4},"end":{"line":68,"column":20}},"16":{"start":{"line":71,"column":0},"end":{"line":73,"column":3}},"17":{"start":{"line":72,"column":4},"end":{"line":72,"column":39}}},"fnMap":{"0":{"name":"(anonymous_0)","decl":{"start":{"line":16,"column":23},"end":{"line":16,"column":24}},"loc":{"start":{"line":16,"column":27},"end":{"line":16,"column":93}},"line":16},"1":{"name":"(anonymous_1)","decl":{"start":{"line":21,"column":23},"end":{"line":21,"column":24}},"loc":{"start":{"line":21,"column":27},"end":{"line":21,"column":93}},"line":21},"2":{"name":"(anonymous_2)","decl":{"start":{"line":27,"column":23},"end":{"line":27,"column":24}},"loc":{"start":{"line":27,"column":27},"end":{"line":27,"column":100}},"line":27},"3":{"name":"(anonymous_3)","decl":{"start":{"line":32,"column":23},"end":{"line":32,"column":24}},"loc":{"start":{"line":32,"column":27},"end":{"line":32,"column":85}},"line":32},"4":{"name":"(anonymous_4)","decl":{"start":{"line":37,"column":23},"end":{"line":37,"column":24}},"loc":{"start":{"line":37,"column":27},"end":{"line":37,"column":88}},"line":37},"5":{"name":"(anonymous_5)","decl":{"start":{"line":47,"column":23},"end":{"line":47,"column":24}},"loc":{"start":{"line":47,"column":27},"end":{"line":47,"column":92}},"line":47},"6":{"name":"(anonymous_6)","decl":{"start":{"line":54,"column":18},"end":{"line":54,"column":19}},"loc":{"start":{"line":54,"column":38},"end":{"line":61,"column":1}},"line":54},"7":{"name":"(anonymous_7)","decl":{"start":{"line":63,"column":17},"end":{"line":63,"column":18}},"loc":{"start":{"line":63,"column":29},"end":{"line":69,"column":5}},"line":63},"8":{"name":"(anonymous_8)","decl":{"start":{"line":71,"column":17},"end":{"line":71,"column":18}},"loc":{"start":{"line":71,"column":25},"end":{"line":73,"column":1}},"line":71}},"branchMap":{"0":{"loc":{"start":{"line":55,"column":4},"end":{"line":59,"column":5}},"type":"if","locations":[{"start":{"line":55,"column":4},"end":{"line":59,"column":5}},{"start":{"line":55,"column":4},"end":{"line":59,"column":5}}],"line":55},"1":{"loc":{"start":{"line":55,"column":7},"end":{"line":55,"column":42}},"type":"binary-expr","locations":[{"start":{"line":55,"column":7},"end":{"line":55,"column":29}},{"start":{"line":55,"column":33},"end":{"line":55,"column":42}}],"line":55}},"s":{"0":0,"1":0,"2":0,"3":0,"4":0,"5":0,"6":0,"7":0,"8":0,"9":0,"10":0,"11":0,"12":0,"13":0,"14":0,"15":0,"16":0,"17":0},"f":{"0":0,"1":0,"2":0,"3":0,"4":0,"5":0,"6":0,"7":0,"8":0},"b":{"0":[0,0],"1":[0,0]}}
,"C:\\Users\\desat\\Desktop\\Veroniksa\\Studio\\Vue 26.06.2021\\Lezione 3°\\homeProject\\personal_cost\\src\\store\\index.js": {"path":"C:\\Users\\desat\\Desktop\\Veroniksa\\Studio\\Vue 26.06.2021\\Lezione 3°\\homeProject\\personal_cost\\src\\store\\index.js","statementMap":{"0":{"start":{"line":4,"column":0},"end":{"line":4,"column":14}},"1":{"start":{"line":20,"column":12},"end":{"line":20,"column":41}},"2":{"start":{"line":23,"column":12},"end":{"line":23,"column":53}},"3":{"start":{"line":26,"column":12},"end":{"line":26,"column":41}},"4":{"start":{"line":29,"column":12},"end":{"line":29,"column":45}},"5":{"start":{"line":32,"column":12},"end":{"line":32,"column":41}},"6":{"start":{"line":38,"column":12},"end":{"line":59,"column":15}},"7":{"start":{"line":39,"column":16},"end":{"line":56,"column":24}},"8":{"start":{"line":48,"column":20},"end":{"line":55,"column":23}},"9":{"start":{"line":58,"column":16},"end":{"line":58,"column":50}},"10":{"start":{"line":62,"column":12},"end":{"line":68,"column":15}},"11":{"start":{"line":63,"column":16},"end":{"line":65,"column":24}},"12":{"start":{"line":64,"column":20},"end":{"line":64,"column":88}},"13":{"start":{"line":67,"column":16},"end":{"line":67,"column":47}},"14":{"start":{"line":73,"column":33},"end":{"line":73,"column":66}},"15":{"start":{"line":76,"column":12},"end":{"line":76,"column":78}},"16":{"start":{"line":76,"column":58},"end":{"line":76,"column":73}},"17":{"start":{"line":78,"column":32},"end":{"line":78,"column":50}}},"fnMap":{"0":{"name":"(anonymous_0)","decl":{"start":{"line":19,"column":8},"end":{"line":19,"column":9}},"loc":{"start":{"line":19,"column":41},"end":{"line":21,"column":9}},"line":19},"1":{"name":"(anonymous_1)","decl":{"start":{"line":22,"column":8},"end":{"line":22,"column":9}},"loc":{"start":{"line":22,"column":44},"end":{"line":24,"column":9}},"line":22},"2":{"name":"(anonymous_2)","decl":{"start":{"line":25,"column":8},"end":{"line":25,"column":9}},"loc":{"start":{"line":25,"column":43},"end":{"line":27,"column":9}},"line":25},"3":{"name":"(anonymous_3)","decl":{"start":{"line":28,"column":8},"end":{"line":28,"column":9}},"loc":{"start":{"line":28,"column":46},"end":{"line":30,"column":9}},"line":28},"4":{"name":"(anonymous_4)","decl":{"start":{"line":31,"column":8},"end":{"line":31,"column":9}},"loc":{"start":{"line":31,"column":40},"end":{"line":33,"column":9}},"line":31},"5":{"name":"(anonymous_5)","decl":{"start":{"line":37,"column":8},"end":{"line":37,"column":9}},"loc":{"start":{"line":37,"column":27},"end":{"line":60,"column":9}},"line":37},"6":{"name":"(anonymous_6)","decl":{"start":{"line":38,"column":31},"end":{"line":38,"column":32}},"loc":{"start":{"line":38,"column":42},"end":{"line":57,"column":13}},"line":38},"7":{"name":"(anonymous_7)","decl":{"start":{"line":39,"column":27},"end":{"line":39,"column":28}},"loc":{"start":{"line":39,"column":31},"end":{"line":56,"column":17}},"line":39},"8":{"name":"(anonymous_8)","decl":{"start":{"line":57,"column":20},"end":{"line":57,"column":21}},"loc":{"start":{"line":57,"column":25},"end":{"line":59,"column":13}},"line":57},"9":{"name":"(anonymous_9)","decl":{"start":{"line":61,"column":8},"end":{"line":61,"column":9}},"loc":{"start":{"line":61,"column":31},"end":{"line":69,"column":9}},"line":61},"10":{"name":"(anonymous_10)","decl":{"start":{"line":62,"column":31},"end":{"line":62,"column":32}},"loc":{"start":{"line":62,"column":42},"end":{"line":66,"column":13}},"line":62},"11":{"name":"(anonymous_11)","decl":{"start":{"line":63,"column":27},"end":{"line":63,"column":28}},"loc":{"start":{"line":63,"column":31},"end":{"line":65,"column":17}},"line":63},"12":{"name":"(anonymous_12)","decl":{"start":{"line":66,"column":20},"end":{"line":66,"column":21}},"loc":{"start":{"line":66,"column":26},"end":{"line":68,"column":13}},"line":66},"13":{"name":"(anonymous_13)","decl":{"start":{"line":73,"column":24},"end":{"line":73,"column":25}},"loc":{"start":{"line":73,"column":33},"end":{"line":73,"column":66}},"line":73},"14":{"name":"(anonymous_14)","decl":{"start":{"line":75,"column":29},"end":{"line":75,"column":30}},"loc":{"start":{"line":75,"column":37},"end":{"line":77,"column":9}},"line":75},"15":{"name":"(anonymous_15)","decl":{"start":{"line":76,"column":45},"end":{"line":76,"column":46}},"loc":{"start":{"line":76,"column":58},"end":{"line":76,"column":73}},"line":76},"16":{"name":"(anonymous_16)","decl":{"start":{"line":78,"column":25},"end":{"line":78,"column":26}},"loc":{"start":{"line":78,"column":32},"end":{"line":78,"column":50}},"line":78}},"branchMap":{},"s":{"0":0,"1":0,"2":0,"3":0,"4":0,"5":0,"6":0,"7":0,"8":0,"9":0,"10":0,"11":0,"12":0,"13":0,"14":0,"15":0,"16":0,"17":0},"f":{"0":0,"1":0,"2":0,"3":0,"4":0,"5":0,"6":0,"7":0,"8":0,"9":0,"10":0,"11":0,"12":0,"13":0,"14":0,"15":0,"16":0},"b":{}}
}
