{"C:\\Users\\desat\\Desktop\\Veroniksa\\Studio\\Vue 26.06.2021\\Lezione 3°\\homeProject\\personal_cost\\.eslintrc.js": {"path":"C:\\Users\\desat\\Desktop\\Veroniksa\\Studio\\Vue 26.06.2021\\Lezione 3°\\homeProject\\personal_cost\\.eslintrc.js","statementMap":{"0":{"start":{"line":1,"column":0},"end":{"line":17,"column":1}}},"fnMap":{},"branchMap":{"0":{"loc":{"start":{"line":14,"column":18},"end":{"line":14,"column":72}},"type":"cond-expr","locations":[{"start":{"line":14,"column":58},"end":{"line":14,"column":64}},{"start":{"line":14,"column":67},"end":{"line":14,"column":72}}],"line":14},"1":{"loc":{"start":{"line":15,"column":19},"end":{"line":15,"column":73}},"type":"cond-expr","locations":[{"start":{"line":15,"column":59},"end":{"line":15,"column":65}},{"start":{"line":15,"column":68},"end":{"line":15,"column":73}}],"line":15}},"s":{"0":0},"f":{},"b":{"0":[0,0],"1":[0,0]}}
,"C:\\Users\\desat\\Desktop\\Veroniksa\\Studio\\Vue 26.06.2021\\Lezione 3°\\homeProject\\personal_cost\\babel.config.js": {"path":"C:\\Users\\desat\\Desktop\\Veroniksa\\Studio\\Vue 26.06.2021\\Lezione 3°\\homeProject\\personal_cost\\babel.config.js","statementMap":{"0":{"start":{"line":1,"column":0},"end":{"line":5,"column":1}}},"fnMap":{},"branchMap":{},"s":{"0":0},"f":{},"b":{}}
,"C:\\Users\\desat\\Desktop\\Veroniksa\\Studio\\Vue 26.06.2021\\Lezione 3°\\homeProject\\personal_cost\\src\\main.js": {"path":"C:\\Users\\desat\\Desktop\\Veroniksa\\Studio\\Vue 26.06.2021\\Lezione 3°\\homeProject\\personal_cost\\src\\main.js","statementMap":{"0":{"start":{"line":9,"column":0},"end":{"line":9,"column":33}},"1":{"start":{"line":10,"column":0},"end":{"line":10,"column":15}},"2":{"start":{"line":11,"column":0},"end":{"line":11,"column":16}},"3":{"start":{"line":13,"column":0},"end":{"line":17,"column":18}},"4":{"start":{"line":14,"column":15},"end":{"line":14,"column":21}}},"fnMap":{"0":{"name":"(anonymous_0)","decl":{"start":{"line":14,"column":10},"end":{"line":14,"column":11}},"loc":{"start":{"line":14,"column":15},"end":{"line":14,"column":21}},"line":14}},"branchMap":{},"s":{"0":0,"1":0,"2":0,"3":0,"4":0},"f":{"0":0},"b":{}}
,"C:\\Users\\desat\\Desktop\\Veroniksa\\Studio\\Vue 26.06.2021\\Lezione 3°\\homeProject\\personal_cost\\src\\components\\CategorySelect.vue": {"path":"C:\\Users\\desat\\Desktop\\Veroniksa\\Studio\\Vue 26.06.2021\\Lezione 3°\\homeProject\\personal_cost\\src\\components\\CategorySelect.vue","statementMap":{"0":{"start":{"line":17,"column":0},"end":{"line":17,"column":null}},"1":{"start":{"line":21,"column":0},"end":{"line":21,"column":null}}},"fnMap":{"0":{"name":"(anonymous_1)","decl":{"start":{"line":17,"column":0},"end":{"line":17,"column":null}},"loc":{"start":{"line":17,"column":0},"end":{"line":17,"column":null}}},"1":{"name":"(anonymous_2)","decl":{"start":{"line":20,"column":0},"end":{"line":20,"column":null}},"loc":{"start":{"line":20,"column":0},"end":{"line":24,"column":null}}}},"branchMap":{},"s":{"0":0,"1":0},"f":{"0":0,"1":0},"b":{}}
,"C:\\Users\\desat\\Desktop\\Veroniksa\\Studio\\Vue 26.06.2021\\Lezione 3°\\homeProject\\personal_cost\\src\\components\\ModalContextMenu.vue": {"path":"C:\\Users\\desat\\Desktop\\Veroniksa\\Studio\\Vue 26.06.2021\\Lezione 3°\\homeProject\\personal_cost\\src\\components\\ModalContextMenu.vue","statementMap":{"0":{"start":{"line":22,"column":0},"end":{"line":22,"column":null}},"1":{"start":{"line":31,"column":0},"end":{"line":31,"column":null}},"2":{"start":{"line":34,"column":0},"end":{"line":34,"column":null}},"3":{"start":{"line":36,"column":0},"end":{"line":36,"column":null}},"4":{"start":{"line":39,"column":0},"end":{"line":39,"column":null}},"5":{"start":{"line":40,"column":0},"end":{"line":40,"column":null}},"6":{"start":{"line":41,"column":0},"end":{"line":41,"column":null}},"7":{"start":{"line":44,"column":0},"end":{"line":44,"column":null}},"8":{"start":{"line":50,"column":0},"end":{"line":50,"column":null}},"9":{"start":{"line":57,"column":0},"end":{"line":57,"column":null}},"10":{"start":{"line":58,"column":0},"end":{"line":58,"column":null}},"11":{"start":{"line":61,"column":0},"end":{"line":61,"column":null}},"12":{"start":{"line":62,"column":0},"end":{"line":62,"column":null}}},"fnMap":{"0":{"name":"(anonymous_1)","decl":{"start":{"line":21,"column":0},"end":{"line":21,"column":null}},"loc":{"start":{"line":21,"column":0},"end":{"line":28,"column":null}}},"1":{"name":"(anonymous_2)","decl":{"start":{"line":30,"column":0},"end":{"line":30,"column":null}},"loc":{"start":{"line":30,"column":0},"end":{"line":32,"column":null}}},"2":{"name":"(anonymous_3)","decl":{"start":{"line":33,"column":0},"end":{"line":33,"column":null}},"loc":{"start":{"line":33,"column":0},"end":{"line":37,"column":null}}},"3":{"name":"(anonymous_4)","decl":{"start":{"line":38,"column":0},"end":{"line":38,"column":null}},"loc":{"start":{"line":38,"column":0},"end":{"line":42,"column":null}}},"4":{"name":"(anonymous_5)","decl":{"start":{"line":43,"column":0},"end":{"line":43,"column":null}},"loc":{"start":{"line":43,"column":0},"end":{"line":46,"column":null}}},"5":{"name":"(anonymous_6)","decl":{"start":{"line":49,"column":0},"end":{"line":49,"column":null}},"loc":{"start":{"line":49,"column":0},"end":{"line":54,"column":null}}},"6":{"name":"(anonymous_7)","decl":{"start":{"line":56,"column":0},"end":{"line":56,"column":null}},"loc":{"start":{"line":56,"column":0},"end":{"line":59,"column":null}}},"7":{"name":"(anonymous_8)","decl":{"start":{"line":60,"column":0},"end":{"line":60,"column":null}},"loc":{"start":{"line":60,"column":0},"end":{"line":63,"column":null}}}},"branchMap":{},"s":{"0":0,"1":0,"2":0,"3":0,"4":0,"5":0,"6":0,"7":0,"8":0,"9":0,"10":0,"11":0,"12":0},"f":{"0":0,"1":0,"2":0,"3":0,"4":0,"5":0,"6":0,"7":0},"b":{}}
,"C:\\Users\\desat\\Desktop\\Veroniksa\\Studio\\Vue 26.06.2021\\Lezione 3°\\homeProject\\personal_cost\\src\\components\\ModalWindow.vue": {"path":"C:\\Users\\desat\\Desktop\\Veroniksa\\Studio\\Vue 26.06.2021\\Lezione 3°\\homeProject\\personal_cost\\src\\components\\ModalWindow.vue","statementMap":{"0":{"start":{"line":14,"column":0},"end":{"line":14,"column":null}},"1":{"start":{"line":22,"column":0},"end":{"line":22,"column":null}}},"fnMap":{"0":{"name":"(anonymous_1)","decl":{"start":{"line":21,"column":0},"end":{"line":21,"column":null}},"loc":{"start":{"line":21,"column":0},"end":{"line":25,"column":null}}}},"branchMap":{},"s":{"0":0,"1":0},"f":{"0":0},"b":{}}
,"C:\\Users\\desat\\Desktop\\Veroniksa\\Studio\\Vue 26.06.2021\\Lezione 3°\\homeProject\\personal_cost\\src\\components\\PaymentsDisplay.vue": {"path":"C:\\Users\\desat\\Desktop\\Veroniksa\\Studio\\Vue 26.06.2021\\Lezione 3°\\homeProject\\personal_cost\\src\\components\\PaymentsDisplay.vue","statementMap":{"0":{"start":{"line":24,"column":0},"end":{"line":24,"column":null}},"1":{"start":{"line":28,"column":0},"end":{"line":28,"column":null}},"2":{"start":{"line":35,"column":0},"end":{"line":37,"column":null}},"3":{"start":{"line":36,"column":0},"end":{"line":36,"column":null}},"4":{"start":{"line":37,"column":0},"end":{"line":37,"column":null}},"5":{"start":{"line":39,"column":0},"end":{"line":39,"column":null}},"6":{"start":{"line":43,"column":0},"end":{"line":43,"column":null}},"7":{"start":{"line":44,"column":0},"end":{"line":44,"column":null}},"8":{"start":{"line":52,"column":0},"end":{"line":52,"column":null}},"9":{"start":{"line":53,"column":0},"end":{"line":53,"column":null}},"10":{"start":{"line":54,"column":0},"end":{"line":54,"column":null}}},"fnMap":{"0":{"name":"(anonymous_1)","decl":{"start":{"line":24,"column":0},"end":{"line":24,"column":null}},"loc":{"start":{"line":24,"column":0},"end":{"line":24,"column":null}}},"1":{"name":"(anonymous_2)","decl":{"start":{"line":27,"column":0},"end":{"line":27,"column":null}},"loc":{"start":{"line":27,"column":0},"end":{"line":32,"column":null}}},"2":{"name":"(anonymous_3)","decl":{"start":{"line":34,"column":0},"end":{"line":34,"column":null}},"loc":{"start":{"line":34,"column":0},"end":{"line":40,"column":null}}},"3":{"name":"(anonymous_4)","decl":{"start":{"line":36,"column":0},"end":{"line":36,"column":null}},"loc":{"start":{"line":36,"column":0},"end":{"line":36,"column":null}}},"4":{"name":"(anonymous_5)","decl":{"start":{"line":37,"column":0},"end":{"line":37,"column":null}},"loc":{"start":{"line":37,"column":0},"end":{"line":37,"column":null}}},"5":{"name":"(anonymous_6)","decl":{"start":{"line":41,"column":0},"end":{"line":41,"column":null}},"loc":{"start":{"line":41,"column":0},"end":{"line":50,"column":null}}},"6":{"name":"(anonymous_7)","decl":{"start":{"line":51,"column":0},"end":{"line":51,"column":null}},"loc":{"start":{"line":51,"column":0},"end":{"line":55,"column":null}}}},"branchMap":{},"s":{"0":0,"1":0,"2":0,"3":0,"4":0,"5":0,"6":0,"7":0,"8":0,"9":0,"10":0},"f":{"0":0,"1":0,"2":0,"3":0,"4":0,"5":0,"6":0},"b":{}}
,"C:\\Users\\desat\\Desktop\\Veroniksa\\Studio\\Vue 26.06.2021\\Lezione 3°\\homeProject\\personal_cost\\src\\plugins\\modalWindow\\index.js": {"path":"C:\\Users\\desat\\Desktop\\Veroniksa\\Studio\\Vue 26.06.2021\\Lezione 3°\\homeProject\\personal_cost\\src\\plugins\\modalWindow\\index.js","statementMap":{"0":{"start":{"line":3,"column":8},"end":{"line":5,"column":9}},"1":{"start":{"line":4,"column":12},"end":{"line":4,"column":18}},"2":{"start":{"line":6,"column":8},"end":{"line":6,"column":29}},"3":{"start":{"line":8,"column":8},"end":{"line":17,"column":10}},"4":{"start":{"line":12,"column":16},"end":{"line":12,"column":66}},"5":{"start":{"line":15,"column":16},"end":{"line":15,"column":44}}},"fnMap":{"0":{"name":"(anonymous_0)","decl":{"start":{"line":2,"column":4},"end":{"line":2,"column":5}},"loc":{"start":{"line":2,"column":16},"end":{"line":18,"column":5}},"line":2},"1":{"name":"(anonymous_1)","decl":{"start":{"line":11,"column":12},"end":{"line":11,"column":13}},"loc":{"start":{"line":11,"column":32},"end":{"line":13,"column":13}},"line":11},"2":{"name":"(anonymous_2)","decl":{"start":{"line":14,"column":12},"end":{"line":14,"column":13}},"loc":{"start":{"line":14,"column":18},"end":{"line":16,"column":13}},"line":14}},"branchMap":{"0":{"loc":{"start":{"line":3,"column":8},"end":{"line":5,"column":9}},"type":"if","locations":[{"start":{"line":3,"column":8},"end":{"line":5,"column":9}},{"start":{"line":3,"column":8},"end":{"line":5,"column":9}}],"line":3}},"s":{"0":0,"1":0,"2":0,"3":0,"4":0,"5":0},"f":{"0":0,"1":0,"2":0},"b":{"0":[0,0]}}
,"C:\\Users\\desat\\Desktop\\Veroniksa\\Studio\\Vue 26.06.2021\\Lezione 3°\\homeProject\\personal_cost\\src\\plugins\\modalWindow\\insed.js": {"path":"C:\\Users\\desat\\Desktop\\Veroniksa\\Studio\\Vue 26.06.2021\\Lezione 3°\\homeProject\\personal_cost\\src\\plugins\\modalWindow\\insed.js","statementMap":{"0":{"start":{"line":3,"column":8},"end":{"line":5,"column":9}},"1":{"start":{"line":4,"column":12},"end":{"line":4,"column":19}},"2":{"start":{"line":6,"column":4},"end":{"line":6,"column":26}},"3":{"start":{"line":7,"column":4},"end":{"line":7,"column":23}},"4":{"start":{"line":9,"column":4},"end":{"line":26,"column":6}},"5":{"start":{"line":13,"column":27},"end":{"line":13,"column":39}},"6":{"start":{"line":14,"column":12},"end":{"line":19,"column":13}},"7":{"start":{"line":15,"column":14},"end":{"line":15,"column":35}},"8":{"start":{"line":16,"column":14},"end":{"line":16,"column":62}},"9":{"start":{"line":18,"column":14},"end":{"line":18,"column":27}},"10":{"start":{"line":23,"column":12},"end":{"line":23,"column":31}},"11":{"start":{"line":24,"column":12},"end":{"line":24,"column":41}}},"fnMap":{"0":{"name":"(anonymous_0)","decl":{"start":{"line":2,"column":4},"end":{"line":2,"column":5}},"loc":{"start":{"line":2,"column":16},"end":{"line":27,"column":5}},"line":2},"1":{"name":"(anonymous_1)","decl":{"start":{"line":12,"column":8},"end":{"line":12,"column":9}},"loc":{"start":{"line":12,"column":31},"end":{"line":20,"column":11}},"line":12},"2":{"name":"(anonymous_2)","decl":{"start":{"line":22,"column":10},"end":{"line":22,"column":11}},"loc":{"start":{"line":22,"column":18},"end":{"line":25,"column":11}},"line":22}},"branchMap":{"0":{"loc":{"start":{"line":3,"column":8},"end":{"line":5,"column":9}},"type":"if","locations":[{"start":{"line":3,"column":8},"end":{"line":5,"column":9}},{"start":{"line":3,"column":8},"end":{"line":5,"column":9}}],"line":3},"1":{"loc":{"start":{"line":14,"column":12},"end":{"line":19,"column":13}},"type":"if","locations":[{"start":{"line":14,"column":12},"end":{"line":19,"column":13}},{"start":{"line":14,"column":12},"end":{"line":19,"column":13}}],"line":14}},"s":{"0":0,"1":0,"2":0,"3":0,"4":0,"5":0,"6":0,"7":0,"8":0,"9":0,"10":0,"11":0},"f":{"0":0,"1":0,"2":0},"b":{"0":[0,0],"1":[0,0]}}
,"C:\\Users\\desat\\Desktop\\Veroniksa\\Studio\\Vue 26.06.2021\\Lezione 3°\\homeProject\\personal_cost\\src\\router\\index.js": {"path":"C:\\Users\\desat\\Desktop\\Veroniksa\\Studio\\Vue 26.06.2021\\Lezione 3°\\homeProject\\personal_cost\\src\\router\\index.js","statementMap":{"0":{"start":{"line":9,"column":0},"end":{"line":9,"column":16}},"1":{"start":{"line":11,"column":15},"end":{"line":51,"column":2}},"2":{"start":{"line":16,"column":27},"end":{"line":16,"column":93}},"3":{"start":{"line":21,"column":27},"end":{"line":21,"column":93}},"4":{"start":{"line":27,"column":27},"end":{"line":27,"column":100}},"5":{"start":{"line":32,"column":27},"end":{"line":32,"column":85}},"6":{"start":{"line":37,"column":27},"end":{"line":37,"column":88}},"7":{"start":{"line":47,"column":27},"end":{"line":47,"column":92}},"8":{"start":{"line":53,"column":17},"end":{"line":53,"column":21}},"9":{"start":{"line":54,"column":0},"end":{"line":61,"column":3}},"10":{"start":{"line":55,"column":4},"end":{"line":59,"column":5}},"11":{"start":{"line":56,"column":8},"end":{"line":56,"column":34}},"12":{"start":{"line":58,"column":8},"end":{"line":58,"column":15}},"13":{"start":{"line":60,"column":4},"end":{"line":60,"column":32}},"14":{"start":{"line":63,"column":17},"end":{"line":69,"column":5}},"15":{"start":{"line":64,"column":4},"end":{"line":68,"column":20}},"16":{"start":{"line":71,"column":0},"end":{"line":73,"column":3}},"17":{"start":{"line":72,"column":4},"end":{"line":72,"column":39}}},"fnMap":{"0":{"name":"(anonymous_0)","decl":{"start":{"line":16,"column":23},"end":{"line":16,"column":24}},"loc":{"start":{"line":16,"column":27},"end":{"line":16,"column":93}},"line":16},"1":{"name":"(anonymous_1)","decl":{"start":{"line":21,"column":23},"end":{"line":21,"column":24}},"loc":{"start":{"line":21,"column":27},"end":{"line":21,"column":93}},"line":21},"2":{"name":"(anonymous_2)","decl":{"start":{"line":27,"column":23},"end":{"line":27,"column":24}},"loc":{"start":{"line":27,"column":27},"end":{"line":27,"column":100}},"line":27},"3":{"name":"(anonymous_3)","decl":{"start":{"line":32,"column":23},"end":{"line":32,"column":24}},"loc":{"start":{"line":32,"column":27},"end":{"line":32,"column":85}},"line":32},"4":{"name":"(anonymous_4)","decl":{"start":{"line":37,"column":23},"end":{"line":37,"column":24}},"loc":{"start":{"line":37,"column":27},"end":{"line":37,"column":88}},"line":37},"5":{"name":"(anonymous_5)","decl":{"start":{"line":47,"column":23},"end":{"line":47,"column":24}},"loc":{"start":{"line":47,"column":27},"end":{"line":47,"column":92}},"line":47},"6":{"name":"(anonymous_6)","decl":{"start":{"line":54,"column":18},"end":{"line":54,"column":19}},"loc":{"start":{"line":54,"column":38},"end":{"line":61,"column":1}},"line":54},"7":{"name":"(anonymous_7)","decl":{"start":{"line":63,"column":17},"end":{"line":63,"column":18}},"loc":{"start":{"line":63,"column":29},"end":{"line":69,"column":5}},"line":63},"8":{"name":"(anonymous_8)","decl":{"start":{"line":71,"column":17},"end":{"line":71,"column":18}},"loc":{"start":{"line":71,"column":25},"end":{"line":73,"column":1}},"line":71}},"branchMap":{"0":{"loc":{"start":{"line":55,"column":4},"end":{"line":59,"column":5}},"type":"if","locations":[{"start":{"line":55,"column":4},"end":{"line":59,"column":5}},{"start":{"line":55,"column":4},"end":{"line":59,"column":5}}],"line":55},"1":{"loc":{"start":{"line":55,"column":7},"end":{"line":55,"column":42}},"type":"binary-expr","locations":[{"start":{"line":55,"column":7},"end":{"line":55,"column":29}},{"start":{"line":55,"column":33},"end":{"line":55,"column":42}}],"line":55}},"s":{"0":0,"1":0,"2":0,"3":0,"4":0,"5":0,"6":0,"7":0,"8":0,"9":0,"10":0,"11":0,"12":0,"13":0,"14":0,"15":0,"16":0,"17":0},"f":{"0":0,"1":0,"2":0,"3":0,"4":0,"5":0,"6":0,"7":0,"8":0},"b":{"0":[0,0],"1":[0,0]}}
,"C:\\Users\\desat\\Desktop\\Veroniksa\\Studio\\Vue 26.06.2021\\Lezione 3°\\homeProject\\personal_cost\\src\\store\\index.js": {"path":"C:\\Users\\desat\\Desktop\\Veroniksa\\Studio\\Vue 26.06.2021\\Lezione 3°\\homeProject\\personal_cost\\src\\store\\index.js","statementMap":{"0":{"start":{"line":4,"column":0},"end":{"line":4,"column":14}},"1":{"start":{"line":20,"column":12},"end":{"line":20,"column":41}},"2":{"start":{"line":23,"column":12},"end":{"line":23,"column":53}},"3":{"start":{"line":26,"column":12},"end":{"line":26,"column":41}},"4":{"start":{"line":29,"column":12},"end":{"line":29,"column":45}},"5":{"start":{"line":32,"column":12},"end":{"line":32,"column":41}},"6":{"start":{"line":38,"column":12},"end":{"line":59,"column":15}},"7":{"start":{"line":39,"column":16},"end":{"line":56,"column":24}},"8":{"start":{"line":48,"column":20},"end":{"line":55,"column":23}},"9":{"start":{"line":58,"column":16},"end":{"line":58,"column":50}},"10":{"start":{"line":62,"column":12},"end":{"line":68,"column":15}},"11":{"start":{"line":63,"column":16},"end":{"line":65,"column":24}},"12":{"start":{"line":64,"column":20},"end":{"line":64,"column":88}},"13":{"start":{"line":67,"column":16},"end":{"line":67,"column":47}},"14":{"start":{"line":73,"column":33},"end":{"line":73,"column":66}},"15":{"start":{"line":76,"column":12},"end":{"line":76,"column":78}},"16":{"start":{"line":76,"column":58},"end":{"line":76,"column":73}},"17":{"start":{"line":78,"column":32},"end":{"line":78,"column":50}}},"fnMap":{"0":{"name":"(anonymous_0)","decl":{"start":{"line":19,"column":8},"end":{"line":19,"column":9}},"loc":{"start":{"line":19,"column":41},"end":{"line":21,"column":9}},"line":19},"1":{"name":"(anonymous_1)","decl":{"start":{"line":22,"column":8},"end":{"line":22,"column":9}},"loc":{"start":{"line":22,"column":44},"end":{"line":24,"column":9}},"line":22},"2":{"name":"(anonymous_2)","decl":{"start":{"line":25,"column":8},"end":{"line":25,"column":9}},"loc":{"start":{"line":25,"column":43},"end":{"line":27,"column":9}},"line":25},"3":{"name":"(anonymous_3)","decl":{"start":{"line":28,"column":8},"end":{"line":28,"column":9}},"loc":{"start":{"line":28,"column":46},"end":{"line":30,"column":9}},"line":28},"4":{"name":"(anonymous_4)","decl":{"start":{"line":31,"column":8},"end":{"line":31,"column":9}},"loc":{"start":{"line":31,"column":40},"end":{"line":33,"column":9}},"line":31},"5":{"name":"(anonymous_5)","decl":{"start":{"line":37,"column":8},"end":{"line":37,"column":9}},"loc":{"start":{"line":37,"column":27},"end":{"line":60,"column":9}},"line":37},"6":{"name":"(anonymous_6)","decl":{"start":{"line":38,"column":31},"end":{"line":38,"column":32}},"loc":{"start":{"line":38,"column":42},"end":{"line":57,"column":13}},"line":38},"7":{"name":"(anonymous_7)","decl":{"start":{"line":39,"column":27},"end":{"line":39,"column":28}},"loc":{"start":{"line":39,"column":31},"end":{"line":56,"column":17}},"line":39},"8":{"name":"(anonymous_8)","decl":{"start":{"line":57,"column":20},"end":{"line":57,"column":21}},"loc":{"start":{"line":57,"column":25},"end":{"line":59,"column":13}},"line":57},"9":{"name":"(anonymous_9)","decl":{"start":{"line":61,"column":8},"end":{"line":61,"column":9}},"loc":{"start":{"line":61,"column":31},"end":{"line":69,"column":9}},"line":61},"10":{"name":"(anonymous_10)","decl":{"start":{"line":62,"column":31},"end":{"line":62,"column":32}},"loc":{"start":{"line":62,"column":42},"end":{"line":66,"column":13}},"line":62},"11":{"name":"(anonymous_11)","decl":{"start":{"line":63,"column":27},"end":{"line":63,"column":28}},"loc":{"start":{"line":63,"column":31},"end":{"line":65,"column":17}},"line":63},"12":{"name":"(anonymous_12)","decl":{"start":{"line":66,"column":20},"end":{"line":66,"column":21}},"loc":{"start":{"line":66,"column":26},"end":{"line":68,"column":13}},"line":66},"13":{"name":"(anonymous_13)","decl":{"start":{"line":73,"column":24},"end":{"line":73,"column":25}},"loc":{"start":{"line":73,"column":33},"end":{"line":73,"column":66}},"line":73},"14":{"name":"(anonymous_14)","decl":{"start":{"line":75,"column":29},"end":{"line":75,"column":30}},"loc":{"start":{"line":75,"column":37},"end":{"line":77,"column":9}},"line":75},"15":{"name":"(anonymous_15)","decl":{"start":{"line":76,"column":45},"end":{"line":76,"column":46}},"loc":{"start":{"line":76,"column":58},"end":{"line":76,"column":73}},"line":76},"16":{"name":"(anonymous_16)","decl":{"start":{"line":78,"column":25},"end":{"line":78,"column":26}},"loc":{"start":{"line":78,"column":32},"end":{"line":78,"column":50}},"line":78}},"branchMap":{},"s":{"0":0,"1":0,"2":0,"3":0,"4":0,"5":0,"6":0,"7":0,"8":0,"9":0,"10":0,"11":0,"12":0,"13":0,"14":0,"15":0,"16":0,"17":0},"f":{"0":0,"1":0,"2":0,"3":0,"4":0,"5":0,"6":0,"7":0,"8":0,"9":0,"10":0,"11":0,"12":0,"13":0,"14":0,"15":0,"16":0},"b":{}}
}
